<?xml version="1.0" encoding="UTF-8"?>
<!-- Generated by org.testng.reporters.JUnitReportReporter -->
<testsuite skipped="0" hostname="LAPTOP-Q5LA32G8" name="com.testcases.hometest" tests="1" failures="0" timestamp="28 Jul 2020 05:47:44 GMT" time="2.572" errors="0">
  <testcase name="user" time="2.572" classname="com.testcases.hometest"/>
</testsuite> <!-- com.testcases.hometest -->
