<?xml version="1.0" encoding="UTF-8"?>
<!-- Generated by org.testng.reporters.JUnitReportReporter -->
<testsuite skipped="0" hostname="LAPTOP-Q5LA32G8" name="com.testcases.login_test" tests="2" failures="0" timestamp="28 Jul 2020 05:47:44 GMT" time="7.875" errors="0">
  <testcase name="login_details" time="7.801" classname="com.testcases.login_test"/>
  <testcase name="checktitle" time="0.074" classname="com.testcases.login_test"/>
</testsuite> <!-- com.testcases.login_test -->
