<?xml version="1.0" encoding="UTF-8"?>
<!-- Generated by org.testng.reporters.JUnitReportReporter -->
<testsuite skipped="0" hostname="LAPTOP-Q5LA32G8" name="basics_testng_practice.first" tests="4" failures="0" timestamp="09 Jul 2020 04:59:20 GMT" time="1.237" errors="0">
  <testcase name="name" time="0.341" classname="basics_testng_practice.first"/>
  <testcase name="address" time="0.148" classname="basics_testng_practice.first"/>
  <testcase name="phone" time="0.196" classname="basics_testng_practice.first"/>
  <testcase name="email" time="0.552" classname="basics_testng_practice.first"/>
</testsuite> <!-- basics_testng_practice.first -->
