<?xml version="1.0" encoding="UTF-8"?>
<!-- Generated by org.testng.reporters.JUnitReportReporter -->
<testsuite skipped="0" hostname="LAPTOP-Q5LA32G8" name="HOMEPAGE.HOMEPAGEE" tests="2" failures="0" timestamp="27 Jul 2020 11:41:35 GMT" time="7.347" errors="0">
  <testcase name="checktitle" time="0.020" classname="HOMEPAGE.HOMEPAGEE"/>
  <testcase name="login_details" time="7.327" classname="HOMEPAGE.HOMEPAGEE"/>
</testsuite> <!-- HOMEPAGE.HOMEPAGEE -->
