<?xml version="1.0" encoding="UTF-8"?>
<!-- Generated by org.testng.reporters.JUnitReportReporter -->
<testsuite skipped="0" hostname="LAPTOP-Q5LA32G8" name="com.testcases.login_test" tests="2" failures="0" timestamp="28 Jul 2020 05:42:43 GMT" time="6.912" errors="0">
  <testcase name="checktitle" time="0.015" classname="com.testcases.login_test"/>
  <testcase name="login_details" time="6.897" classname="com.testcases.login_test"/>
</testsuite> <!-- com.testcases.login_test -->
