<?xml version="1.0" encoding="UTF-8"?>
<!-- Generated by org.testng.reporters.JUnitReportReporter -->
<testsuite skipped="0" hostname="LAPTOP-Q5LA32G8" name="site_automate.NewTest" tests="9" failures="0" timestamp="15 Jul 2020 04:21:09 GMT" time="6.320" errors="0">
  <testcase name="email" time="3.629" classname="site_automate.NewTest"/>
  <testcase name="form" time="1.043" classname="site_automate.NewTest"/>
  <testcase name="button" time="0.187" classname="site_automate.NewTest"/>
  <testcase name="butto" time="0.076" classname="site_automate.NewTest"/>
  <testcase name="language" time="0.001" classname="site_automate.NewTest"/>
  <testcase name="skill" time="0.210" classname="site_automate.NewTest"/>
  <testcase name="country" time="0.324" classname="site_automate.NewTest"/>
  <testcase name="dob" time="0.365" classname="site_automate.NewTest"/>
  <testcase name="password" time="0.485" classname="site_automate.NewTest"/>
</testsuite> <!-- site_automate.NewTest -->
