<?xml version="1.0" encoding="UTF-8"?>
<!-- Generated by org.testng.reporters.JUnitReportReporter -->
<testsuite skipped="0" hostname="LAPTOP-Q5LA32G8" name="secondTest" tests="5" failures="0" timestamp="05 Jul 2020 04:19:54 GMT" time="0.016" errors="0">
  <testcase name="e" time="0.016" classname="secondTest"/>
  <testcase name="d" time="0.000" classname="secondTest"/>
  <testcase name="c" time="0.000" classname="secondTest"/>
  <testcase name="b" time="0.000" classname="secondTest"/>
  <testcase name="a" time="0.000" classname="secondTest"/>
</testsuite> <!-- secondTest -->
