<?xml version="1.0" encoding="UTF-8"?>
<!-- Generated by org.testng.reporters.JUnitReportReporter -->
<testsuite skipped="0" hostname="LAPTOP-Q5LA32G8" name="first.NewTest" tests="1" failures="0" timestamp="05 Jul 2020 03:34:22 GMT" time="0.016" errors="0">
  <testcase name="f" time="0.016" classname="first.NewTest"/>
</testsuite> <!-- first.NewTest -->
