<?xml version="1.0" encoding="UTF-8"?>
<!-- Generated by org.testng.reporters.JUnitReportReporter -->
<testsuite skipped="0" hostname="LAPTOP-Q5LA32G8" name="practice.NewTest" tests="2" failures="0" timestamp="23 Jun 2020 10:19:14 GMT" time="0.013" errors="0">
  <testcase name="test12" time="0.003" classname="practice.NewTest"/>
  <testcase name="test1" time="0.010" classname="practice.NewTest"/>
</testsuite> <!-- practice.NewTest -->
