<?xml version="1.0" encoding="UTF-8"?>
<!-- Generated by org.testng.reporters.JUnitReportReporter -->
<testsuite skipped="0" hostname="LAPTOP-Q5LA32G8" name="btes_testngseond.NewTest" tests="1" failures="0" timestamp="08 Jul 2020 13:42:27 GMT" time="0.144" errors="0">
  <testcase name="test" time="0.144" classname="btes_testngseond.NewTest"/>
</testsuite> <!-- btes_testngseond.NewTest -->
