<?xml version="1.0" encoding="UTF-8"?>
<!-- Generated by org.testng.reporters.JUnitReportReporter -->
<testsuite skipped="1" hostname="LAPTOP-Q5LA32G8" name="btes_testngseond.forgetpassword" tests="1" failures="0" timestamp="27 Jul 2020 14:35:10 GMT" time="0.000" errors="0">
  <testcase name="forget" time="0.000" classname="btes_testngseond.forgetpassword">
    <skipped/>
  </testcase> <!-- forget -->
</testsuite> <!-- btes_testngseond.forgetpassword -->
