<?xml version="1.0" encoding="UTF-8"?>
<!-- Generated by org.testng.reporters.JUnitReportReporter -->
<testsuite skipped="0" hostname="LAPTOP-Q5LA32G8" name="hardassertions.NewTest" tests="1" failures="0" timestamp="17 Jul 2020 04:31:55 GMT" time="8.383" errors="0">
  <testcase name="test" time="8.383" classname="hardassertions.NewTest"/>
</testsuite> <!-- hardassertions.NewTest -->
