<?xml version="1.0" encoding="UTF-8"?>
<!-- Generated by org.testng.reporters.JUnitReportReporter -->
<testsuite skipped="0" hostname="LAPTOP-Q5LA32G8" name="parametres.NewTest" tests="1" failures="0" timestamp="17 Jul 2020 07:57:00 GMT" time="20.314" errors="0">
  <testcase name="f" time="20.314" classname="parametres.NewTest"/>
</testsuite> <!-- parametres.NewTest -->
