<?xml version="1.0" encoding="UTF-8"?>
<!-- Generated by org.testng.reporters.JUnitReportReporter -->
<testsuite skipped="9" hostname="LAPTOP-Q5LA32G8" name="com.orangehrm.com.orangehrmlivee.first" tests="10" failures="0" timestamp="20 Jul 2020 06:59:23 GMT" time="0.056" errors="1">
  <testcase name="beforeSuite" time="0.056" classname="com.orangehrm.com.orangehrmlivee.first">
    <error type="java.lang.IllegalStateException" message="The driver executable does not exist: D:\automation_1june\com.orangehrmlivee\driver\chromedriver.exe">
      <![CDATA[java.lang.IllegalStateException: The driver executable does not exist: D:\automation_1june\com.orangehrmlivee\driver\chromedriver.exe
at com.google.common.base.Preconditions.checkState(Preconditions.java:585)
at org.openqa.selenium.remote.service.DriverService.checkExecutable(DriverService.java:146)
at org.openqa.selenium.remote.service.DriverService.findExecutable(DriverService.java:141)
at org.openqa.selenium.chrome.ChromeDriverService.access$000(ChromeDriverService.java:35)
at org.openqa.selenium.chrome.ChromeDriverService$Builder.findDefaultExecutable(ChromeDriverService.java:159)
at org.openqa.selenium.remote.service.DriverService$Builder.build(DriverService.java:355)
at org.openqa.selenium.chrome.ChromeDriverService.createDefaultService(ChromeDriverService.java:94)
at org.openqa.selenium.chrome.ChromeDriver.<init>(ChromeDriver.java:123)
at com.orangehrm.com.orangehrmlivee.first.beforeSuite(first.java:124)
at sun.reflect.NativeMethodAccessorImpl.invoke0(Native Method)
at sun.reflect.NativeMethodAccessorImpl.invoke(NativeMethodAccessorImpl.java:62)
at sun.reflect.DelegatingMethodAccessorImpl.invoke(DelegatingMethodAccessorImpl.java:43)
at java.lang.reflect.Method.invoke(Method.java:498)
at org.testng.internal.MethodInvocationHelper.invokeMethod(MethodInvocationHelper.java:124)
at org.testng.internal.MethodInvocationHelper.invokeMethodConsideringTimeout(MethodInvocationHelper.java:59)
at org.testng.internal.Invoker.invokeConfigurationMethod(Invoker.java:458)
at org.testng.internal.Invoker.invokeConfigurations(Invoker.java:222)
at org.testng.internal.Invoker.invokeConfigurations(Invoker.java:142)
at org.testng.SuiteRunner.privateRun(SuiteRunner.java:401)
at org.testng.SuiteRunner.run(SuiteRunner.java:364)
at org.testng.SuiteRunnerWorker.runSuite(SuiteRunnerWorker.java:52)
at org.testng.SuiteRunnerWorker.run(SuiteRunnerWorker.java:84)
at org.testng.TestNG.runSuitesSequentially(TestNG.java:1208)
at org.testng.TestNG.runSuitesLocally(TestNG.java:1137)
at org.testng.TestNG.runSuites(TestNG.java:1049)
at org.testng.TestNG.run(TestNG.java:1017)
at org.testng.remote.AbstractRemoteTestNG.run(AbstractRemoteTestNG.java:114)
at org.testng.remote.RemoteTestNG.initAndRun(RemoteTestNG.java:251)
at org.testng.remote.RemoteTestNG.main(RemoteTestNG.java:77)
]]>
    </error>
  </testcase> <!-- beforeSuite -->
  <testcase name="email" time="0.000" classname="com.orangehrm.com.orangehrmlivee.first">
    <skipped/>
  </testcase> <!-- email -->
  <testcase name="form" time="0.000" classname="com.orangehrm.com.orangehrmlivee.first">
    <skipped/>
  </testcase> <!-- form -->
  <testcase name="button" time="0.000" classname="com.orangehrm.com.orangehrmlivee.first">
    <skipped/>
  </testcase> <!-- button -->
  <testcase name="butto" time="0.000" classname="com.orangehrm.com.orangehrmlivee.first">
    <skipped/>
  </testcase> <!-- butto -->
  <testcase name="language" time="0.000" classname="com.orangehrm.com.orangehrmlivee.first">
    <skipped/>
  </testcase> <!-- language -->
  <testcase name="skill" time="0.000" classname="com.orangehrm.com.orangehrmlivee.first">
    <skipped/>
  </testcase> <!-- skill -->
  <testcase name="country" time="0.000" classname="com.orangehrm.com.orangehrmlivee.first">
    <skipped/>
  </testcase> <!-- country -->
  <testcase name="dob" time="0.000" classname="com.orangehrm.com.orangehrmlivee.first">
    <skipped/>
  </testcase> <!-- dob -->
  <testcase name="password" time="0.000" classname="com.orangehrm.com.orangehrmlivee.first">
    <skipped/>
  </testcase> <!-- password -->
</testsuite> <!-- com.orangehrm.com.orangehrmlivee.first -->
