<?xml version="1.0" encoding="UTF-8"?>
<!-- Generated by org.testng.reporters.JUnitReportReporter -->
<testsuite skipped="0" hostname="LAPTOP-Q5LA32G8" name="btes_dataprovider.NewTest" tests="3" failures="0" timestamp="15 Jul 2020 10:04:35 GMT" time="11.055" errors="0">
  <testcase name="login" time="1.079" classname="btes_dataprovider.NewTest"/>
  <testcase name="login" time="1.898" classname="btes_dataprovider.NewTest"/>
  <testcase name="login" time="8.078" classname="btes_dataprovider.NewTest"/>
</testsuite> <!-- btes_dataprovider.NewTest -->
