<?xml version="1.0" encoding="UTF-8"?>
<!-- Generated by org.testng.reporters.JUnitReportReporter -->
<testsuite skipped="0" hostname="LAPTOP-Q5LA32G8" name="parallel_test.second_class" tests="1" failures="0" timestamp="15 Jul 2020 11:16:50 GMT" time="19.209" errors="0">
  <testcase name="test2" time="19.209" classname="parallel_test.second_class"/>
</testsuite> <!-- parallel_test.second_class -->
