<?xml version="1.0" encoding="UTF-8"?>
<!-- Generated by org.testng.reporters.JUnitReportReporter -->
<testsuite skipped="0" hostname="LAPTOP-Q5LA32G8" name="parallel_test.first_class" tests="1" failures="0" timestamp="15 Jul 2020 11:16:50 GMT" time="10.064" errors="0">
  <testcase name="test1" time="10.064" classname="parallel_test.first_class"/>
</testsuite> <!-- parallel_test.first_class -->
