<?xml version="1.0" encoding="UTF-8"?>
<!-- Generated by org.testng.reporters.JUnitReportReporter -->
<testsuite skipped="0" hostname="LAPTOP-Q5LA32G8" name="btes_8july_testng.NewTest" tests="1" failures="0" timestamp="08 Jul 2020 13:34:30 GMT" time="0.009" errors="0">
  <testcase name="f" time="0.009" classname="btes_8july_testng.NewTest"/>
</testsuite> <!-- btes_8july_testng.NewTest -->
