<?xml version="1.0" encoding="UTF-8"?>
<!-- Generated by org.testng.reporters.JUnitReportReporter -->
<testsuite skipped="0" hostname="LAPTOP-Q5LA32G8" name="com.facebook.com.facebooklogin.homepage" tests="6" failures="0" timestamp="24 Jul 2020 05:28:50 GMT" time="1.601" errors="0">
  <testcase name="sigup" time="0.102" classname="com.facebook.com.facebooklogin.homepage"/>
  <testcase name="mobile" time="0.133" classname="com.facebook.com.facebooklogin.homepage"/>
  <testcase name="password" time="0.107" classname="com.facebook.com.facebooklogin.homepage"/>
  <testcase name="gender" time="0.102" classname="com.facebook.com.facebooklogin.homepage"/>
  <testcase name="name" time="0.300" classname="com.facebook.com.facebooklogin.homepage"/>
  <testcase name="dob" time="0.857" classname="com.facebook.com.facebooklogin.homepage"/>
</testsuite> <!-- com.facebook.com.facebooklogin.homepage -->
